------Loading Times FP32------
Face Detection: 0.37740 sec
Facial Landmarks: 0.15526 sec
Head Pose Estimation: 0.14334 sec
Gaze Estimation: 0.17259 sec
------Inference Times FP32------
Face Detection: 0.04233 sec
Facial Landmarks: 0.00162 sec
Head Pose Estimation: 0.00287 sec
Gaze Estimation: 0.00271 sec
------Loading Times FP16------
Face Detection: 0.51547 sec
Facial Landmarks: 0.24160 sec
Head Pose Estimation: 0.17567 sec
Gaze Estimation: 0.22204 sec
------Inference Times FP16------
Face Detection: 0.04365 sec
Facial Landmarks: 0.00169 sec
Head Pose Estimation: 0.00363 sec
Gaze Estimation: 0.00300 sec
------Loading Times FP16-INT8------
Face Detection: 0.61565 sec
Facial Landmarks: 0.29069 sec
Head Pose Estimation: 0.36981 sec
Gaze Estimation: 0.38439 sec
------Inference Times FP16-INT8------
Face Detection: 0.04395 sec
Facial Landmarks: 0.00176 sec
Head Pose Estimation: 0.00301 sec
Gaze Estimation: 0.00243 sec
------Loading Times FP16-INT8------
Face Detection: 0.46256 sec
Facial Landmarks: 0.27282 sec
Head Pose Estimation: 0.34293 sec
Gaze Estimation: 0.39483 sec
------Loading Times FP32------
Face Detection: 0.61915 sec
Facial Landmarks: 0.24059 sec
Head Pose Estimation: 0.16870 sec
Gaze Estimation: 0.19818 sec
------Loading Times FP32------
Face Detection: 0.60537 sec
Facial Landmarks: 0.24596 sec
Head Pose Estimation: 0.15096 sec
Gaze Estimation: 0.36167 sec
------Loading Times FP32------
Face Detection: 0.45039 sec
Facial Landmarks: 0.16732 sec
Head Pose Estimation: 0.13488 sec
Gaze Estimation: 0.17760 sec
------Loading Times FP32------
Face Detection: 0.52057 sec
Facial Landmarks: 0.15848 sec
Head Pose Estimation: 0.15100 sec
Gaze Estimation: 0.17859 sec
